<?xml version="1.0" encoding="UTF-8"?>
<!-- Generated by org.testng.reporters.JUnitXMLReporter -->
<testsuite hostname="LT086984" ignored="1" name="mytest" tests="2" failures="0" timestamp="09 Nov 2020 03:36:53 GMT" time="53.568" errors="0">
  <testcase name="LoginPagee" time="19.899" classname="com.testcases.LoginTC"/>
  <testcase name="LoginPagee" time="33.055" classname="com.testcases.LoginTC"/>
  <testcase name="LoginPage" time="0.0" classname="com.testcases.LoginTC">
    <ignored/>
  </testcase> <!-- LoginPage -->
</testsuite> <!-- mytest -->
